[05-May-2022 09:05:06 UTC] PHP Warning:  copy(C:/Users/Kokoy/Local Sites/voyage-et-vous/app/public/wp-content/upgrade/woocommerce-payments.4.0.2/woocommerce-payments/includes/multi-currency/Compatibility/WooCommerceBookings.php): failed to open stream: No such file or directory in C:\Users\Kokoy\Local Sites\voyage-et-vous\app\public\wp-admin\includes\class-wp-filesystem-direct.php on line 309
[05-May-2022 09:05:06 UTC] PHP Stack trace:
[05-May-2022 09:05:06 UTC] PHP   1. {main}() C:\Users\Kokoy\Local Sites\voyage-et-vous\app\public\index.php:0
[05-May-2022 09:05:06 UTC] PHP   2. require() C:\Users\Kokoy\Local Sites\voyage-et-vous\app\public\index.php:17
[05-May-2022 09:05:06 UTC] PHP   3. wp() C:\Users\Kokoy\Local Sites\voyage-et-vous\app\public\wp-blog-header.php:16
[05-May-2022 09:05:06 UTC] PHP   4. WP->main() C:\Users\Kokoy\Local Sites\voyage-et-vous\app\public\wp-includes\functions.php:1310
[05-May-2022 09:05:06 UTC] PHP   5. WP->parse_request() C:\Users\Kokoy\Local Sites\voyage-et-vous\app\public\wp-includes\class-wp.php:758
[05-May-2022 09:05:06 UTC] PHP   6. do_action_ref_array() C:\Users\Kokoy\Local Sites\voyage-et-vous\app\public\wp-includes\class-wp.php:396
[05-May-2022 09:05:06 UTC] PHP   7. WP_Hook->do_action() C:\Users\Kokoy\Local Sites\voyage-et-vous\app\public\wp-includes\plugin.php:522
[05-May-2022 09:05:06 UTC] PHP   8. WP_Hook->apply_filters() C:\Users\Kokoy\Local Sites\voyage-et-vous\app\public\wp-includes\class-wp-hook.php:331
[05-May-2022 09:05:06 UTC] PHP   9. rest_api_loaded() C:\Users\Kokoy\Local Sites\voyage-et-vous\app\public\wp-includes\class-wp-hook.php:307
[05-May-2022 09:05:06 UTC] PHP  10. WP_REST_Server->serve_request() C:\Users\Kokoy\Local Sites\voyage-et-vous\app\public\wp-includes\rest-api.php:386
[05-May-2022 09:05:06 UTC] PHP  11. WP_REST_Server->dispatch() C:\Users\Kokoy\Local Sites\voyage-et-vous\app\public\wp-includes\rest-api\class-wp-rest-server.php:414
[05-May-2022 09:05:06 UTC] PHP  12. WP_REST_Server->respond_to_request() C:\Users\Kokoy\Local Sites\voyage-et-vous\app\public\wp-includes\rest-api\class-wp-rest-server.php:988
[05-May-2022 09:05:06 UTC] PHP  13. Automattic\WooCommerce\Admin\API\Plugins->install_plugins() C:\Users\Kokoy\Local Sites\voyage-et-vous\app\public\wp-includes\rest-api\class-wp-rest-server.php:1141
[05-May-2022 09:05:06 UTC] PHP  14. Automattic\WooCommerce\Admin\PluginsHelper::install_plugins() C:\Users\Kokoy\Local Sites\voyage-et-vous\app\public\wp-content\plugins\woocommerce\packages\woocommerce-admin\src\API\Plugins.php:288
[05-May-2022 09:05:06 UTC] PHP  15. Plugin_Upgrader->install() C:\Users\Kokoy\Local Sites\voyage-et-vous\app\public\wp-content\plugins\woocommerce\packages\woocommerce-admin\src\PluginsHelper.php:217
[05-May-2022 09:05:06 UTC] PHP  16. Plugin_Upgrader->run() C:\Users\Kokoy\Local Sites\voyage-et-vous\app\public\wp-admin\includes\class-plugin-upgrader.php:137
[05-May-2022 09:05:06 UTC] PHP  17. Plugin_Upgrader->install_package() C:\Users\Kokoy\Local Sites\voyage-et-vous\app\public\wp-admin\includes\class-wp-upgrader.php:798
[05-May-2022 09:05:06 UTC] PHP  18. copy_dir() C:\Users\Kokoy\Local Sites\voyage-et-vous\app\public\wp-admin\includes\class-wp-upgrader.php:596
[05-May-2022 09:05:06 UTC] PHP  19. copy_dir() C:\Users\Kokoy\Local Sites\voyage-et-vous\app\public\wp-admin\includes\file.php:1934
[05-May-2022 09:05:06 UTC] PHP  20. copy_dir() C:\Users\Kokoy\Local Sites\voyage-et-vous\app\public\wp-admin\includes\file.php:1934
[05-May-2022 09:05:06 UTC] PHP  21. copy_dir() C:\Users\Kokoy\Local Sites\voyage-et-vous\app\public\wp-admin\includes\file.php:1934
[05-May-2022 09:05:06 UTC] PHP  22. WP_Filesystem_Direct->copy() C:\Users\Kokoy\Local Sites\voyage-et-vous\app\public\wp-admin\includes\file.php:1908
[05-May-2022 09:05:06 UTC] PHP  23. copy() C:\Users\Kokoy\Local Sites\voyage-et-vous\app\public\wp-admin\includes\class-wp-filesystem-direct.php:309
[05-May-2022 09:05:06 UTC] PHP Warning:  chmod(): No such file or directory in C:\Users\Kokoy\Local Sites\voyage-et-vous\app\public\wp-admin\includes\class-wp-filesystem-direct.php on line 173
[05-May-2022 09:05:07 UTC] PHP Stack trace:
[05-May-2022 09:05:07 UTC] PHP   1. {main}() C:\Users\Kokoy\Local Sites\voyage-et-vous\app\public\index.php:0
[05-May-2022 09:05:07 UTC] PHP   2. require() C:\Users\Kokoy\Local Sites\voyage-et-vous\app\public\index.php:17
[05-May-2022 09:05:07 UTC] PHP   3. wp() C:\Users\Kokoy\Local Sites\voyage-et-vous\app\public\wp-blog-header.php:16
[05-May-2022 09:05:07 UTC] PHP   4. WP->main() C:\Users\Kokoy\Local Sites\voyage-et-vous\app\public\wp-includes\functions.php:1310
[05-May-2022 09:05:07 UTC] PHP   5. WP->parse_request() C:\Users\Kokoy\Local Sites\voyage-et-vous\app\public\wp-includes\class-wp.php:758
[05-May-2022 09:05:07 UTC] PHP   6. do_action_ref_array() C:\Users\Kokoy\Local Sites\voyage-et-vous\app\public\wp-includes\class-wp.php:396
[05-May-2022 09:05:07 UTC] PHP   7. WP_Hook->do_action() C:\Users\Kokoy\Local Sites\voyage-et-vous\app\public\wp-includes\plugin.php:522
[05-May-2022 09:05:07 UTC] PHP   8. WP_Hook->apply_filters() C:\Users\Kokoy\Local Sites\voyage-et-vous\app\public\wp-includes\class-wp-hook.php:331
[05-May-2022 09:05:07 UTC] PHP   9. rest_api_loaded() C:\Users\Kokoy\Local Sites\voyage-et-vous\app\public\wp-includes\class-wp-hook.php:307
[05-May-2022 09:05:07 UTC] PHP  10. WP_REST_Server->serve_request() C:\Users\Kokoy\Local Sites\voyage-et-vous\app\public\wp-includes\rest-api.php:386
[05-May-2022 09:05:07 UTC] PHP  11. WP_REST_Server->dispatch() C:\Users\Kokoy\Local Sites\voyage-et-vous\app\public\wp-includes\rest-api\class-wp-rest-server.php:414
[05-May-2022 09:05:07 UTC] PHP  12. WP_REST_Server->respond_to_request() C:\Users\Kokoy\Local Sites\voyage-et-vous\app\public\wp-includes\rest-api\class-wp-rest-server.php:988
[05-May-2022 09:05:07 UTC] PHP  13. Automattic\WooCommerce\Admin\API\Plugins->install_plugins() C:\Users\Kokoy\Local Sites\voyage-et-vous\app\public\wp-includes\rest-api\class-wp-rest-server.php:1141
[05-May-2022 09:05:07 UTC] PHP  14. Automattic\WooCommerce\Admin\PluginsHelper::install_plugins() C:\Users\Kokoy\Local Sites\voyage-et-vous\app\public\wp-content\plugins\woocommerce\packages\woocommerce-admin\src\API\Plugins.php:288
[05-May-2022 09:05:07 UTC] PHP  15. Plugin_Upgrader->install() C:\Users\Kokoy\Local Sites\voyage-et-vous\app\public\wp-content\plugins\woocommerce\packages\woocommerce-admin\src\PluginsHelper.php:217
[05-May-2022 09:05:07 UTC] PHP  16. Plugin_Upgrader->run() C:\Users\Kokoy\Local Sites\voyage-et-vous\app\public\wp-admin\includes\class-plugin-upgrader.php:137
[05-May-2022 09:05:07 UTC] PHP  17. Plugin_Upgrader->install_package() C:\Users\Kokoy\Local Sites\voyage-et-vous\app\public\wp-admin\includes\class-wp-upgrader.php:798
[05-May-2022 09:05:07 UTC] PHP  18. copy_dir() C:\Users\Kokoy\Local Sites\voyage-et-vous\app\public\wp-admin\includes\class-wp-upgrader.php:596
[05-May-2022 09:05:07 UTC] PHP  19. copy_dir() C:\Users\Kokoy\Local Sites\voyage-et-vous\app\public\wp-admin\includes\file.php:1934
[05-May-2022 09:05:07 UTC] PHP  20. copy_dir() C:\Users\Kokoy\Local Sites\voyage-et-vous\app\public\wp-admin\includes\file.php:1934
[05-May-2022 09:05:07 UTC] PHP  21. copy_dir() C:\Users\Kokoy\Local Sites\voyage-et-vous\app\public\wp-admin\includes\file.php:1934
[05-May-2022 09:05:07 UTC] PHP  22. WP_Filesystem_Direct->copy() C:\Users\Kokoy\Local Sites\voyage-et-vous\app\public\wp-admin\includes\file.php:1908
[05-May-2022 09:05:07 UTC] PHP  23. WP_Filesystem_Direct->chmod() C:\Users\Kokoy\Local Sites\voyage-et-vous\app\public\wp-admin\includes\class-wp-filesystem-direct.php:312
[05-May-2022 09:05:07 UTC] PHP  24. chmod() C:\Users\Kokoy\Local Sites\voyage-et-vous\app\public\wp-admin\includes\class-wp-filesystem-direct.php:173
[05-May-2022 09:05:07 UTC] PHP Warning:  chmod(): No such file or directory in C:\Users\Kokoy\Local Sites\voyage-et-vous\app\public\wp-admin\includes\class-wp-filesystem-direct.php on line 173
[05-May-2022 09:05:07 UTC] PHP Stack trace:
[05-May-2022 09:05:07 UTC] PHP   1. {main}() C:\Users\Kokoy\Local Sites\voyage-et-vous\app\public\index.php:0
[05-May-2022 09:05:07 UTC] PHP   2. require() C:\Users\Kokoy\Local Sites\voyage-et-vous\app\public\index.php:17
[05-May-2022 09:05:07 UTC] PHP   3. wp() C:\Users\Kokoy\Local Sites\voyage-et-vous\app\public\wp-blog-header.php:16
[05-May-2022 09:05:07 UTC] PHP   4. WP->main() C:\Users\Kokoy\Local Sites\voyage-et-vous\app\public\wp-includes\functions.php:1310
[05-May-2022 09:05:07 UTC] PHP   5. WP->parse_request() C:\Users\Kokoy\Local Sites\voyage-et-vous\app\public\wp-includes\class-wp.php:758
[05-May-2022 09:05:07 UTC] PHP   6. do_action_ref_array() C:\Users\Kokoy\Local Sites\voyage-et-vous\app\public\wp-includes\class-wp.php:396
[05-May-2022 09:05:07 UTC] PHP   7. WP_Hook->do_action() C:\Users\Kokoy\Local Sites\voyage-et-vous\app\public\wp-includes\plugin.php:522
[05-May-2022 09:05:07 UTC] PHP   8. WP_Hook->apply_filters() C:\Users\Kokoy\Local Sites\voyage-et-vous\app\public\wp-includes\class-wp-hook.php:331
[05-May-2022 09:05:07 UTC] PHP   9. rest_api_loaded() C:\Users\Kokoy\Local Sites\voyage-et-vous\app\public\wp-includes\class-wp-hook.php:307
[05-May-2022 09:05:07 UTC] PHP  10. WP_REST_Server->serve_request() C:\Users\Kokoy\Local Sites\voyage-et-vous\app\public\wp-includes\rest-api.php:386
[05-May-2022 09:05:07 UTC] PHP  11. WP_REST_Server->dispatch() C:\Users\Kokoy\Local Sites\voyage-et-vous\app\public\wp-includes\rest-api\class-wp-rest-server.php:414
[05-May-2022 09:05:07 UTC] PHP  12. WP_REST_Server->respond_to_request() C:\Users\Kokoy\Local Sites\voyage-et-vous\app\public\wp-includes\rest-api\class-wp-rest-server.php:988
[05-May-2022 09:05:07 UTC] PHP  13. Automattic\WooCommerce\Admin\API\Plugins->install_plugins() C:\Users\Kokoy\Local Sites\voyage-et-vous\app\public\wp-includes\rest-api\class-wp-rest-server.php:1141
[05-May-2022 09:05:07 UTC] PHP  14. Automattic\WooCommerce\Admin\PluginsHelper::install_plugins() C:\Users\Kokoy\Local Sites\voyage-et-vous\app\public\wp-content\plugins\woocommerce\packages\woocommerce-admin\src\API\Plugins.php:288
[05-May-2022 09:05:07 UTC] PHP  15. Plugin_Upgrader->install() C:\Users\Kokoy\Local Sites\voyage-et-vous\app\public\wp-content\plugins\woocommerce\packages\woocommerce-admin\src\PluginsHelper.php:217
[05-May-2022 09:05:07 UTC] PHP  16. Plugin_Upgrader->run() C:\Users\Kokoy\Local Sites\voyage-et-vous\app\public\wp-admin\includes\class-plugin-upgrader.php:137
[05-May-2022 09:05:07 UTC] PHP  17. Plugin_Upgrader->install_package() C:\Users\Kokoy\Local Sites\voyage-et-vous\app\public\wp-admin\includes\class-wp-upgrader.php:798
[05-May-2022 09:05:07 UTC] PHP  18. copy_dir() C:\Users\Kokoy\Local Sites\voyage-et-vous\app\public\wp-admin\includes\class-wp-upgrader.php:596
[05-May-2022 09:05:07 UTC] PHP  19. copy_dir() C:\Users\Kokoy\Local Sites\voyage-et-vous\app\public\wp-admin\includes\file.php:1934
[05-May-2022 09:05:07 UTC] PHP  20. copy_dir() C:\Users\Kokoy\Local Sites\voyage-et-vous\app\public\wp-admin\includes\file.php:1934
[05-May-2022 09:05:07 UTC] PHP  21. copy_dir() C:\Users\Kokoy\Local Sites\voyage-et-vous\app\public\wp-admin\includes\file.php:1934
[05-May-2022 09:05:07 UTC] PHP  22. WP_Filesystem_Direct->chmod() C:\Users\Kokoy\Local Sites\voyage-et-vous\app\public\wp-admin\includes\file.php:1910
[05-May-2022 09:05:07 UTC] PHP  23. chmod() C:\Users\Kokoy\Local Sites\voyage-et-vous\app\public\wp-admin\includes\class-wp-filesystem-direct.php:173
[05-May-2022 09:05:07 UTC] PHP Warning:  copy(C:/Users/Kokoy/Local Sites/voyage-et-vous/app/public/wp-content/upgrade/woocommerce-payments.4.0.2/woocommerce-payments/includes/multi-currency/Compatibility/WooCommerceBookings.php): failed to open stream: No such file or directory in C:\Users\Kokoy\Local Sites\voyage-et-vous\app\public\wp-admin\includes\class-wp-filesystem-direct.php on line 309
[05-May-2022 09:05:07 UTC] PHP Stack trace:
[05-May-2022 09:05:07 UTC] PHP   1. {main}() C:\Users\Kokoy\Local Sites\voyage-et-vous\app\public\index.php:0
[05-May-2022 09:05:07 UTC] PHP   2. require() C:\Users\Kokoy\Local Sites\voyage-et-vous\app\public\index.php:17
[05-May-2022 09:05:07 UTC] PHP   3. wp() C:\Users\Kokoy\Local Sites\voyage-et-vous\app\public\wp-blog-header.php:16
[05-May-2022 09:05:07 UTC] PHP   4. WP->main() C:\Users\Kokoy\Local Sites\voyage-et-vous\app\public\wp-includes\functions.php:1310
[05-May-2022 09:05:07 UTC] PHP   5. WP->parse_request() C:\Users\Kokoy\Local Sites\voyage-et-vous\app\public\wp-includes\class-wp.php:758
[05-May-2022 09:05:07 UTC] PHP   6. do_action_ref_array() C:\Users\Kokoy\Local Sites\voyage-et-vous\app\public\wp-includes\class-wp.php:396
[05-May-2022 09:05:07 UTC] PHP   7. WP_Hook->do_action() C:\Users\Kokoy\Local Sites\voyage-et-vous\app\public\wp-includes\plugin.php:522
[05-May-2022 09:05:07 UTC] PHP   8. WP_Hook->apply_filters() C:\Users\Kokoy\Local Sites\voyage-et-vous\app\public\wp-includes\class-wp-hook.php:331
[05-May-2022 09:05:07 UTC] PHP   9. rest_api_loaded() C:\Users\Kokoy\Local Sites\voyage-et-vous\app\public\wp-includes\class-wp-hook.php:307
[05-May-2022 09:05:07 UTC] PHP  10. WP_REST_Server->serve_request() C:\Users\Kokoy\Local Sites\voyage-et-vous\app\public\wp-includes\rest-api.php:386
[05-May-2022 09:05:07 UTC] PHP  11. WP_REST_Server->dispatch() C:\Users\Kokoy\Local Sites\voyage-et-vous\app\public\wp-includes\rest-api\class-wp-rest-server.php:414
[05-May-2022 09:05:07 UTC] PHP  12. WP_REST_Server->respond_to_request() C:\Users\Kokoy\Local Sites\voyage-et-vous\app\public\wp-includes\rest-api\class-wp-rest-server.php:988
[05-May-2022 09:05:07 UTC] PHP  13. Automattic\WooCommerce\Admin\API\Plugins->install_plugins() C:\Users\Kokoy\Local Sites\voyage-et-vous\app\public\wp-includes\rest-api\class-wp-rest-server.php:1141
[05-May-2022 09:05:07 UTC] PHP  14. Automattic\WooCommerce\Admin\PluginsHelper::install_plugins() C:\Users\Kokoy\Local Sites\voyage-et-vous\app\public\wp-content\plugins\woocommerce\packages\woocommerce-admin\src\API\Plugins.php:288
[05-May-2022 09:05:07 UTC] PHP  15. Plugin_Upgrader->install() C:\Users\Kokoy\Local Sites\voyage-et-vous\app\public\wp-content\plugins\woocommerce\packages\woocommerce-admin\src\PluginsHelper.php:217
[05-May-2022 09:05:07 UTC] PHP  16. Plugin_Upgrader->run() C:\Users\Kokoy\Local Sites\voyage-et-vous\app\public\wp-admin\includes\class-plugin-upgrader.php:137
[05-May-2022 09:05:07 UTC] PHP  17. Plugin_Upgrader->install_package() C:\Users\Kokoy\Local Sites\voyage-et-vous\app\public\wp-admin\includes\class-wp-upgrader.php:798
[05-May-2022 09:05:07 UTC] PHP  18. copy_dir() C:\Users\Kokoy\Local Sites\voyage-et-vous\app\public\wp-admin\includes\class-wp-upgrader.php:596
[05-May-2022 09:05:07 UTC] PHP  19. copy_dir() C:\Users\Kokoy\Local Sites\voyage-et-vous\app\public\wp-admin\includes\file.php:1934
[05-May-2022 09:05:07 UTC] PHP  20. copy_dir() C:\Users\Kokoy\Local Sites\voyage-et-vous\app\public\wp-admin\includes\file.php:1934
[05-May-2022 09:05:07 UTC] PHP  21. copy_dir() C:\Users\Kokoy\Local Sites\voyage-et-vous\app\public\wp-admin\includes\file.php:1934
[05-May-2022 09:05:07 UTC] PHP  22. WP_Filesystem_Direct->copy() C:\Users\Kokoy\Local Sites\voyage-et-vous\app\public\wp-admin\includes\file.php:1912
[05-May-2022 09:05:07 UTC] PHP  23. copy() C:\Users\Kokoy\Local Sites\voyage-et-vous\app\public\wp-admin\includes\class-wp-filesystem-direct.php:309
[05-May-2022 09:05:07 UTC] PHP Warning:  chmod(): No such file or directory in C:\Users\Kokoy\Local Sites\voyage-et-vous\app\public\wp-admin\includes\class-wp-filesystem-direct.php on line 173
[05-May-2022 09:05:07 UTC] PHP Stack trace:
[05-May-2022 09:05:07 UTC] PHP   1. {main}() C:\Users\Kokoy\Local Sites\voyage-et-vous\app\public\index.php:0
[05-May-2022 09:05:07 UTC] PHP   2. require() C:\Users\Kokoy\Local Sites\voyage-et-vous\app\public\index.php:17
[05-May-2022 09:05:07 UTC] PHP   3. wp() C:\Users\Kokoy\Local Sites\voyage-et-vous\app\public\wp-blog-header.php:16
[05-May-2022 09:05:07 UTC] PHP   4. WP->main() C:\Users\Kokoy\Local Sites\voyage-et-vous\app\public\wp-includes\functions.php:1310
[05-May-2022 09:05:07 UTC] PHP   5. WP->parse_request() C:\Users\Kokoy\Local Sites\voyage-et-vous\app\public\wp-includes\class-wp.php:758
[05-May-2022 09:05:07 UTC] PHP   6. do_action_ref_array() C:\Users\Kokoy\Local Sites\voyage-et-vous\app\public\wp-includes\class-wp.php:396
[05-May-2022 09:05:07 UTC] PHP   7. WP_Hook->do_action() C:\Users\Kokoy\Local Sites\voyage-et-vous\app\public\wp-includes\plugin.php:522
[05-May-2022 09:05:07 UTC] PHP   8. WP_Hook->apply_filters() C:\Users\Kokoy\Local Sites\voyage-et-vous\app\public\wp-includes\class-wp-hook.php:331
[05-May-2022 09:05:07 UTC] PHP   9. rest_api_loaded() C:\Users\Kokoy\Local Sites\voyage-et-vous\app\public\wp-includes\class-wp-hook.php:307
[05-May-2022 09:05:07 UTC] PHP  10. WP_REST_Server->serve_request() C:\Users\Kokoy\Local Sites\voyage-et-vous\app\public\wp-includes\rest-api.php:386
[05-May-2022 09:05:07 UTC] PHP  11. WP_REST_Server->dispatch() C:\Users\Kokoy\Local Sites\voyage-et-vous\app\public\wp-includes\rest-api\class-wp-rest-server.php:414
[05-May-2022 09:05:07 UTC] PHP  12. WP_REST_Server->respond_to_request() C:\Users\Kokoy\Local Sites\voyage-et-vous\app\public\wp-includes\rest-api\class-wp-rest-server.php:988
[05-May-2022 09:05:07 UTC] PHP  13. Automattic\WooCommerce\Admin\API\Plugins->install_plugins() C:\Users\Kokoy\Local Sites\voyage-et-vous\app\public\wp-includes\rest-api\class-wp-rest-server.php:1141
[05-May-2022 09:05:07 UTC] PHP  14. Automattic\WooCommerce\Admin\PluginsHelper::install_plugins() C:\Users\Kokoy\Local Sites\voyage-et-vous\app\public\wp-content\plugins\woocommerce\packages\woocommerce-admin\src\API\Plugins.php:288
[05-May-2022 09:05:07 UTC] PHP  15. Plugin_Upgrader->install() C:\Users\Kokoy\Local Sites\voyage-et-vous\app\public\wp-content\plugins\woocommerce\packages\woocommerce-admin\src\PluginsHelper.php:217
[05-May-2022 09:05:07 UTC] PHP  16. Plugin_Upgrader->run() C:\Users\Kokoy\Local Sites\voyage-et-vous\app\public\wp-admin\includes\class-plugin-upgrader.php:137
[05-May-2022 09:05:07 UTC] PHP  17. Plugin_Upgrader->install_package() C:\Users\Kokoy\Local Sites\voyage-et-vous\app\public\wp-admin\includes\class-wp-upgrader.php:798
[05-May-2022 09:05:07 UTC] PHP  18. copy_dir() C:\Users\Kokoy\Local Sites\voyage-et-vous\app\public\wp-admin\includes\class-wp-upgrader.php:596
[05-May-2022 09:05:07 UTC] PHP  19. copy_dir() C:\Users\Kokoy\Local Sites\voyage-et-vous\app\public\wp-admin\includes\file.php:1934
[05-May-2022 09:05:07 UTC] PHP  20. copy_dir() C:\Users\Kokoy\Local Sites\voyage-et-vous\app\public\wp-admin\includes\file.php:1934
[05-May-2022 09:05:07 UTC] PHP  21. copy_dir() C:\Users\Kokoy\Local Sites\voyage-et-vous\app\public\wp-admin\includes\file.php:1934
[05-May-2022 09:05:07 UTC] PHP  22. WP_Filesystem_Direct->copy() C:\Users\Kokoy\Local Sites\voyage-et-vous\app\public\wp-admin\includes\file.php:1912
[05-May-2022 09:05:07 UTC] PHP  23. WP_Filesystem_Direct->chmod() C:\Users\Kokoy\Local Sites\voyage-et-vous\app\public\wp-admin\includes\class-wp-filesystem-direct.php:312
[05-May-2022 09:05:07 UTC] PHP  24. chmod() C:\Users\Kokoy\Local Sites\voyage-et-vous\app\public\wp-admin\includes\class-wp-filesystem-direct.php:173
